ASxxxx Assembler V02.00 + NoICE + SDCC mods  (Zilog Z80 / Hitachi HD64180), page 1.
Hexadecimal [16-Bits]



                              1 .include "main.h.s"
                              1 .globl cpct_disableFirmware_asm
                              2 .globl cpct_drawSolidBox_asm
                              3 .globl cpct_getScreenPtr_asm
                              4 .globl cpct_waitVSYNC_asm
                              5 .globl cpct_setVideoMode_asm
                              6 .globl cpct_scanKeyboard_asm
                              7 .globl cpct_isKeyPressed_asm
                              8 .globl cpct_setVideoMemoryPage_asm
                              9 .globl _cpct_memset_f64_asm
                             10 .globl cpct_drawSprite_asm
                             11 .globl cpct_setPalette_asm
ASxxxx Assembler V02.00 + NoICE + SDCC mods  (Zilog Z80 / Hitachi HD64180), page 2.
Hexadecimal [16-Bits]



                              2 .include "cube.h.s"
                              1 
                              2 ;;;;;;;;;;;;;;;;;;;;;;;;;;;;;;;;;;;;;;;
                              3 ;;MACROS
                              4 ;;;;;;;;;;;;;;;;;;;;;;;;;;;;;;;;;;;;;;;
                              5 .macro DefineCubeLine1 _name, _x, _y, _w, _h, _col, _hp
                              6 _name:
                              7     DefineDrawableEntity _name'_dw, _x, _y, _w, _h, _col
                              8     .db     _hp     ;; Hitpoints
                              9 .endm
                     0000    10 c_de        = 0
                     0006    11 c_de_size   = 6
                     0006    12 c_hp        = 0 + c_de_size
                             13 ;;.macro DefineCubeLine1Default _name, _suf
                             14 ;;    DefineCubeLine1 _name'_suf, 0, 0, 0, 0, 0xFF, 0
                             15 ;;.endm
                             16 ;;.macro DefineNCubeLine1 _name, _n
                             17 
                             18 ;;    _s = 0
                             19 ;;    .rept _n
                             20 ;;        DefineCubeLine1Default _name, \_s
                             21 
                             22 ;;        _s = _s + 1
                             23 ;;    .endm
                             24 ;;.endm
                             25 
                             26 
                             27 
                             28 ;;;;;;;;;;;;;;;;;;;;;;;;;;;;;;;;;;;;;;;;;;;
                             29 ;;OBJECTS CREATED WITH MACROS
                             30 ;;;;;;;;;;;;;;;;;;;;;;;;;;;;;;;;;;;;;;;;;;;
                             31 .globl cube_clear
                             32 .globl cube_draw
                             33 .globl cube_drawAll
                             34 .globl cube_clearAll
                             35 
                             36 .globl cube_reset
                             37 
                             38 .globl destroy_cube
                             39 
                             40 .globl k_max_cube_line	
                             41 
                             42 .globl cubeline10
                             43 .globl cubeline11
                             44 .globl cubeline12
                             45 .globl cubeline13
                             46 .globl cubeline14
                             47 .globl cubeline15
                             48 .globl cubeline16
                             49 .globl cubeline17
                             50 .globl cubeline18
                             51 .globl cubeline19
ASxxxx Assembler V02.00 + NoICE + SDCC mods  (Zilog Z80 / Hitachi HD64180), page 3.
Hexadecimal [16-Bits]



                              3 .include "render.h.s"
                              1 
                              2 
                              3 ;;Drawable Entity
                              4 .macro DefineDrawableEntity _name, _x, _y, _w, _h, _sprite
                              5 _name:
                              6     .db _x, _y
                              7     .db _w, _h
                              8     .dw _sprite
                              9 
                             10 _name'_size = . - _name
                             11 .endm
                     0001    12 dc_x    = 0     dc_y    = 1
                     0003    13 dc_w    = 2     dc_h    = 3
                     0005    14 dc_sp_l  = 4    dc_sp_h  = 5
                             15 
                             16 .globl ren_clearBackBuffers
                             17 ;;.globl ren_switchBuffers
                             18 .globl render_drawCube
                             19 .globl ren_newScene
ASxxxx Assembler V02.00 + NoICE + SDCC mods  (Zilog Z80 / Hitachi HD64180), page 4.
Hexadecimal [16-Bits]



                              4 .include "ball.h.s"
                              1 
                              2 
                              3 
                              4 .globl ball_clear
                              5 .globl ball_draw
                              6 .globl ball_update
                              7 .globl ball_move
                              8 .globl ball_reset
                              9 
                             10 
                             11 
                             12 
                             13 ;;;;;;;;;;;;;;;;;;;;;;;;;;;;;;;;;;;;;;;,
                             14 ;;
                             15 ;;MACROS
                             16 ;;
                             17 ;;;;;;;;;;;;;;;;;;;;;;;;;;;;;;;;;;;;;;;;
                             18 
                             19    .macro DefineBall _name, _x, _y, _w, _h, _sprite,  _vx, _vy,_upd,_hp
                             20 _name: 
                             21 	DefineDrawableEntity _name'_dw, _x, _y, _w, _h, _sprite
                             22   ; .db    _x, _y     ;; X, Y
                             23    ;.db    _w, _h     ;; W, H
                             24     ;.db   _col        ;; Color
                             25    .db   _vx, _vy    ;; VX, VY
                             26    .dw   _upd        ;; Update 
                             27    .db _hp
                             28 .endm
                             29 ;bl_x = 0
                             30 ;bl_y = 1
                             31 ;bl_w = 2
                             32 ;bl_h = 3
                             33 ;bl_col = 4
                     0006    34 bl_vx = 6
                     0007    35 bl_vy = 7
                     0008    36 bl_up_l = 8
                     0009    37 bl_up_h = 9
                     000A    38 bl_hp = 10
                             39 	
                             40 
                             41 ;;;;;;;;;;;;;;;;;;;;;;;;;;;;;;;;;;;;;;;;;;;
                             42 ;;
                             43 ;;OBJETOS CREADOS CON LA MACROS
                             44 ;;
                             45 ;;;;;;;;;;;;;;;;;;;;;;;;;;;;;;;;;;;;;;;;;;;
                             46 
                             47 .globl ball
                             48 .globl balldefault
                             49 
ASxxxx Assembler V02.00 + NoICE + SDCC mods  (Zilog Z80 / Hitachi HD64180), page 5.
Hexadecimal [16-Bits]



                              5 
                              6 .globl _cubeline_sp
                              7 
                              8 
                     000A     9 k_max_cube_line = 10
                     0007    10 k_cube_size = 7
                             11 
                             12 
   0000                      13 DefineCubeLine1 cubedefault, 0x00, 0x10, 0x04, 0x08, _cubeline_sp, 0x01
   0000                       1 cubedefault:
   0000                       2     DefineDrawableEntity cubedefault_dw, 0x00, 0x10, 0x04, 0x08, _cubeline_sp
   0000                       1 cubedefault_dw:
   0000 00 10                 2     .db 0x00, 0x10
   0002 04 08                 3     .db 0x04, 0x08
   0004 00 00                 4     .dw _cubeline_sp
                              5 
                     0006     6 cubedefault_dw_size = . - cubedefault_dw
   0006 01                    3     .db     0x01     ;; Hitpoints
                             14 
                             15 
   0007                      16 DefineCubeLine1 cubeline10, 0x00, 0x10, 0x08, 0x08,_cubeline_sp, 0x01
   0007                       1 cubeline10:
   0007                       2     DefineDrawableEntity cubeline10_dw, 0x00, 0x10, 0x08, 0x08, _cubeline_sp
   0007                       1 cubeline10_dw:
   0007 00 10                 2     .db 0x00, 0x10
   0009 08 08                 3     .db 0x08, 0x08
   000B 00 00                 4     .dw _cubeline_sp
                              5 
                     0006     6 cubeline10_dw_size = . - cubeline10_dw
   000D 01                    3     .db     0x01     ;; Hitpoints
   000E                      17 DefineCubeLine1 cubeline11, 0x08, 0x10, 0x08, 0x08,_cubeline_sp, 0x01
   000E                       1 cubeline11:
   000E                       2     DefineDrawableEntity cubeline11_dw, 0x08, 0x10, 0x08, 0x08, _cubeline_sp
   000E                       1 cubeline11_dw:
   000E 08 10                 2     .db 0x08, 0x10
   0010 08 08                 3     .db 0x08, 0x08
   0012 00 00                 4     .dw _cubeline_sp
                              5 
                     0006     6 cubeline11_dw_size = . - cubeline11_dw
   0014 01                    3     .db     0x01     ;; Hitpoints
   0015                      18 DefineCubeLine1 cubeline12, 0x10, 0x10, 0x08, 0x08,_cubeline_sp, 0x01
   0015                       1 cubeline12:
   0015                       2     DefineDrawableEntity cubeline12_dw, 0x10, 0x10, 0x08, 0x08, _cubeline_sp
   0015                       1 cubeline12_dw:
   0015 10 10                 2     .db 0x10, 0x10
   0017 08 08                 3     .db 0x08, 0x08
   0019 00 00                 4     .dw _cubeline_sp
                              5 
                     0006     6 cubeline12_dw_size = . - cubeline12_dw
   001B 01                    3     .db     0x01     ;; Hitpoints
   001C                      19 DefineCubeLine1 cubeline13, 0x18, 0x10, 0x08, 0x08,_cubeline_sp, 0x01
   001C                       1 cubeline13:
   001C                       2     DefineDrawableEntity cubeline13_dw, 0x18, 0x10, 0x08, 0x08, _cubeline_sp
   001C                       1 cubeline13_dw:
   001C 18 10                 2     .db 0x18, 0x10
ASxxxx Assembler V02.00 + NoICE + SDCC mods  (Zilog Z80 / Hitachi HD64180), page 6.
Hexadecimal [16-Bits]



   001E 08 08                 3     .db 0x08, 0x08
   0020 00 00                 4     .dw _cubeline_sp
                              5 
                     0006     6 cubeline13_dw_size = . - cubeline13_dw
   0022 01                    3     .db     0x01     ;; Hitpoints
   0023                      20 DefineCubeLine1 cubeline14, 0x20, 0x10, 0x08, 0x08,_cubeline_sp, 0x01
   0023                       1 cubeline14:
   0023                       2     DefineDrawableEntity cubeline14_dw, 0x20, 0x10, 0x08, 0x08, _cubeline_sp
   0023                       1 cubeline14_dw:
   0023 20 10                 2     .db 0x20, 0x10
   0025 08 08                 3     .db 0x08, 0x08
   0027 00 00                 4     .dw _cubeline_sp
                              5 
                     0006     6 cubeline14_dw_size = . - cubeline14_dw
   0029 01                    3     .db     0x01     ;; Hitpoints
   002A                      21 DefineCubeLine1 cubeline15, 0x28, 0x10, 0x08, 0x08,_cubeline_sp, 0x01
   002A                       1 cubeline15:
   002A                       2     DefineDrawableEntity cubeline15_dw, 0x28, 0x10, 0x08, 0x08, _cubeline_sp
   002A                       1 cubeline15_dw:
   002A 28 10                 2     .db 0x28, 0x10
   002C 08 08                 3     .db 0x08, 0x08
   002E 00 00                 4     .dw _cubeline_sp
                              5 
                     0006     6 cubeline15_dw_size = . - cubeline15_dw
   0030 01                    3     .db     0x01     ;; Hitpoints
   0031                      22 DefineCubeLine1 cubeline16, 0x30, 0x10, 0x08, 0x08,_cubeline_sp, 0x01
   0031                       1 cubeline16:
   0031                       2     DefineDrawableEntity cubeline16_dw, 0x30, 0x10, 0x08, 0x08, _cubeline_sp
   0031                       1 cubeline16_dw:
   0031 30 10                 2     .db 0x30, 0x10
   0033 08 08                 3     .db 0x08, 0x08
   0035 00 00                 4     .dw _cubeline_sp
                              5 
                     0006     6 cubeline16_dw_size = . - cubeline16_dw
   0037 01                    3     .db     0x01     ;; Hitpoints
   0038                      23 DefineCubeLine1 cubeline17, 0x38, 0x10, 0x08, 0x08,_cubeline_sp, 0x01
   0038                       1 cubeline17:
   0038                       2     DefineDrawableEntity cubeline17_dw, 0x38, 0x10, 0x08, 0x08, _cubeline_sp
   0038                       1 cubeline17_dw:
   0038 38 10                 2     .db 0x38, 0x10
   003A 08 08                 3     .db 0x08, 0x08
   003C 00 00                 4     .dw _cubeline_sp
                              5 
                     0006     6 cubeline17_dw_size = . - cubeline17_dw
   003E 01                    3     .db     0x01     ;; Hitpoints
   003F                      24 DefineCubeLine1 cubeline18, 0x40, 0x10, 0x08, 0x08,_cubeline_sp, 0x01
   003F                       1 cubeline18:
   003F                       2     DefineDrawableEntity cubeline18_dw, 0x40, 0x10, 0x08, 0x08, _cubeline_sp
   003F                       1 cubeline18_dw:
   003F 40 10                 2     .db 0x40, 0x10
   0041 08 08                 3     .db 0x08, 0x08
   0043 00 00                 4     .dw _cubeline_sp
                              5 
                     0006     6 cubeline18_dw_size = . - cubeline18_dw
   0045 01                    3     .db     0x01     ;; Hitpoints
ASxxxx Assembler V02.00 + NoICE + SDCC mods  (Zilog Z80 / Hitachi HD64180), page 7.
Hexadecimal [16-Bits]



   0046                      25 DefineCubeLine1 cubeline19, 0x48, 0x10, 0x08, 0x08,_cubeline_sp, 0x01
   0046                       1 cubeline19:
   0046                       2     DefineDrawableEntity cubeline19_dw, 0x48, 0x10, 0x08, 0x08, _cubeline_sp
   0046                       1 cubeline19_dw:
   0046 48 10                 2     .db 0x48, 0x10
   0048 08 08                 3     .db 0x08, 0x08
   004A 00 00                 4     .dw _cubeline_sp
                              5 
                     0006     6 cubeline19_dw_size = . - cubeline19_dw
   004C 01                    3     .db     0x01     ;; Hitpoints
                             26 
                             27 
   004D 0A                   28 m_num_cube: .db 10
                             29 
   004E                      30 cube_clear:
   004E DD 21 07 00   [14]   31 ld ix,#cubeline10
   0052 CD DF 00      [17]   32 call cube_clearAll
   0055 DD 21 0E 00   [14]   33 ld ix,#cubeline11
   0059 CD DF 00      [17]   34 call cube_clearAll
   005C DD 21 15 00   [14]   35 ld ix,#cubeline12
   0060 CD DF 00      [17]   36 call cube_clearAll
   0063 DD 21 1C 00   [14]   37 ld ix,#cubeline13
   0067 CD DF 00      [17]   38 call cube_clearAll
   006A DD 21 23 00   [14]   39 ld ix,#cubeline14
   006E CD DF 00      [17]   40 call cube_clearAll
   0071 DD 21 2A 00   [14]   41 ld ix,#cubeline15
   0075 CD DF 00      [17]   42 call cube_clearAll
   0078 DD 21 31 00   [14]   43 ld ix,#cubeline16
   007C CD DF 00      [17]   44 call cube_clearAll
   007F DD 21 38 00   [14]   45 ld ix,#cubeline17
   0083 CD DF 00      [17]   46 call cube_clearAll
   0086 DD 21 3F 00   [14]   47 ld ix,#cubeline18
   008A CD DF 00      [17]   48 call cube_clearAll
   008D DD 21 46 00   [14]   49 ld ix,#cubeline19
   0091 CD DF 00      [17]   50 call cube_clearAll
   0094 C9            [10]   51 ret
                             52 
   0095                      53 cube_draw:
   0095 DD 21 07 00   [14]   54 ld ix,#cubeline10
   0099 CD DC 00      [17]   55 call cube_drawAll
   009C DD 21 0E 00   [14]   56 ld ix,#cubeline11
   00A0 CD DC 00      [17]   57 call cube_drawAll
   00A3 DD 21 15 00   [14]   58 ld ix,#cubeline12
   00A7 CD DC 00      [17]   59 call cube_drawAll
   00AA DD 21 1C 00   [14]   60 ld ix,#cubeline13
   00AE CD DC 00      [17]   61 call cube_drawAll
   00B1 DD 21 23 00   [14]   62 ld ix,#cubeline14
   00B5 CD DC 00      [17]   63 call cube_drawAll
   00B8 DD 21 2A 00   [14]   64 ld ix,#cubeline15
   00BC CD DC 00      [17]   65 call cube_drawAll
   00BF DD 21 31 00   [14]   66 ld ix,#cubeline16
   00C3 CD DC 00      [17]   67 call cube_drawAll
   00C6 DD 21 38 00   [14]   68 ld ix,#cubeline17
   00CA CD DC 00      [17]   69 call cube_drawAll
   00CD DD 21 3F 00   [14]   70 ld ix,#cubeline18
ASxxxx Assembler V02.00 + NoICE + SDCC mods  (Zilog Z80 / Hitachi HD64180), page 8.
Hexadecimal [16-Bits]



   00D1 CD DC 00      [17]   71 call cube_drawAll
   00D4 DD 21 46 00   [14]   72 ld ix,#cubeline19
   00D8 CD DC 00      [17]   73 call cube_drawAll
   00DB C9            [10]   74 ret
                             75 
                             76 
                             77 ;;;;;;;;;;;;;;;;;;;;;;;;;;;;;;;;;;;;;;;;;;;;;;;;;;;;
                             78 ;; DRAW ENTITY
                             79 ;; REGISTERS DETROYED: AF, BC, DE ,HL
                             80 ;; INPUT: IX -> Points to entity
                             81 ;;;;;;;;;;;;;;;;;;;;;;;;;;;;;;;;;;;;;;;;;;;;;;;;;;;;
   00DC                      82 cube_drawAll:
   00DC C3 00 00      [10]   83     jp render_drawCube
                             84    
                             85    
                             86 ;;;;;;;;;;;;;;;;;;;;;;;;;;;;;;;;;;;;;;;;;;;;;;;;;;;;
                             87 ;; BORRA UNA ENTIDAD
                             88 ;; PARA CUADRADOS UNICAMENTE
                             89 ;; REGISTERS DESTROYED: AF, AF', BC, DE, HL
                             90 ;; ENTRADA: IX -> Puntero a entidad
                             91 ;;;;;;;;;;;;;;;;;;;;;;;;;;;;;;;;;;;;;;;;;;;;;;;;;;;;
   00DF                      92 cube_clearAll:
                             93 
                             94 ;;   ld  a, dc_col(ix)
                             95 ;;   ex af, af'
                             96 ;;
                             97 ;;   ld  dc_col(ix), #0
                             98 ;;
                             99 ;;   call render_drawCube
                            100 ;;   ex af, af'
                            101 ;;   ld dc_col(ix), a
                            102 
   00DF C9            [10]  103    ret
                            104 
                            105 ;;;;;;;;;;;;;;;;;;;;;;;;;;;;;;;;;;;;;;;;;;;;;;;;;;;;;
                            106 ;;
                            107 ;;RESET CUBES TO FIRST STATE
                            108 ;;
                            109 ;;;;;;;;;;;;;;;;;;;;;;;;;;;;;;;;;;;;;;;;;;;;;;;;;;;,
   00E0                     110 cube_reset:
                            111 
   00E0 CD 00 00      [17]  112 	call ball_reset
                            113 
   00E3 21 07 00      [10]  114 	ld hl, #cubeline10
   00E6 1E 00         [ 7]  115 	ld e, #0
   00E8 16 00         [ 7]  116 	ld d, #0
   00EA 0E 00         [ 7]  117 	ld c, #0
   00EC DD 21 00 00   [14]  118 	ld ix, #cubedefault
   00F0                     119 	bucl:
                            120 
   00F0 7A            [ 4]  121 	ld a,d 
                            122 
   00F1 77            [ 7]  123 	ld (hl),a
                            124 
   00F2 C6 04         [ 7]  125 	add #4
ASxxxx Assembler V02.00 + NoICE + SDCC mods  (Zilog Z80 / Hitachi HD64180), page 9.
Hexadecimal [16-Bits]



                            126 
   00F4 57            [ 4]  127 	ld d,a
   00F5 23            [ 6]  128 	inc hl
                            129 
                            130 
   00F6 DD 7E 01      [19]  131 	ld a, dc_y(ix)
   00F9 77            [ 7]  132 	ld (hl),a
                            133 	
   00FA 23            [ 6]  134     	inc hl
                            135 
                            136 
   00FB DD 7E 02      [19]  137     	ld a, dc_w(ix)
   00FE 77            [ 7]  138 	ld (hl),a
   00FF 23            [ 6]  139     	inc hl
                            140 
                            141 
   0100 DD 7E 03      [19]  142     	ld a, dc_h(ix)
   0103 77            [ 7]  143 	ld (hl),a
   0104 23            [ 6]  144     	inc hl
                            145     	
   0105 79            [ 4]  146     	ld a,c
   0106 D6 01         [ 7]  147     	sub #1
                            148 
   0108 CA 14 01      [10]  149     	jp z, rojo
                            150 
   010B C6 02         [ 7]  151     	add #2
   010D 4F            [ 4]  152     	ld c,a
   010E 3E 0F         [ 7]  153 	ld a, #15
                            154 
   0110 77            [ 7]  155     	ld (hl),a
                            156 
   0111 C3 1B 01      [10]  157     	jp colorok
   0114                     158     	rojo:
   0114 4F            [ 4]  159     	ld c,a
                            160     	
   0115 3E FF         [ 7]  161     	ld a, #255
                            162 
   0117 77            [ 7]  163     	ld (hl),a
                            164 
   0118 C3 1B 01      [10]  165     	jp colorok
                            166   	
   011B                     167 	colorok:
                            168 
   011B 23            [ 6]  169     	inc hl
                            170 
                            171     	;;hp
   011C 23            [ 6]  172     	inc hl
                            173 
   011D 7B            [ 4]  174   	ld a,e
   011E C6 01         [ 7]  175   	add #1
                            176 
   0120 5F            [ 4]  177   	ld e,a
                            178 
   0121 D6 0A         [ 7]  179   	sub #k_max_cube_line
                            180 
ASxxxx Assembler V02.00 + NoICE + SDCC mods  (Zilog Z80 / Hitachi HD64180), page 10.
Hexadecimal [16-Bits]



   0123 20 CB         [12]  181     	jr nz, bucl
                            182 
                            183     	
                            184 
   0125 C9            [10]  185  ret
                            186 
   0126                     187 destroy_cube:
   0126 36 FF         [10]  188 	ld (hl),#0xFF
   0128 23            [ 6]  189 	inc hl			;;	Y		
   0129 23            [ 6]  190 	inc hl			;;	W
   012A 23            [ 6]  191 	inc hl			;;	H
   012B 23            [ 6]  192 	inc hl			;;	SP_L
   012C 23            [ 6]  193 	inc hl			;;	SP_H
   012D 23            [ 6]  194 	inc hl			;;  HP
                            195 
   012E 36 00         [10]  196 	ld (hl),#0
                            197 
   0130 2B            [ 6]  198 	dec hl			;; SP_H
   0131 2B            [ 6]  199 	dec hl			;; SP_L
   0132 2B            [ 6]  200 	dec hl			;; H 
   0133 2B            [ 6]  201 	dec hl			;; W
   0134 2B            [ 6]  202 	dec hl			;; Y
   0135 2B            [ 6]  203 	dec hl			;; X
                            204 
   0136 3A 4D 00      [13]  205 	ld a, (m_num_cube)
   0139 D6 01         [ 7]  206 	sub #1
   013B 32 4D 00      [13]  207 	ld (m_num_cube),a
                            208 
   013E CA E0 00      [10]  209 	jp z, cube_reset
                            210 
   0141 C9            [10]  211 ret
                            212 
